18:29:36.381 [main] INFO  - Sucessfully logged In
18:31:55.317 [main] INFO  - Sucessfully logged In
18:34:34.835 [main] INFO  - Sucessfully logged In
18:36:14.469 [main] INFO  - Sucessfully logged In
18:37:09.979 [main] INFO  - Sucessfully logged In
18:46:40.097 [main] INFO  - Sucessfully logged In
18:46:42.765 [main] INFO  - Account Opened!
18:46:42.765 [main] INFO  - Congratulations, your account is now open.
18:46:48.614 [main] INFO  - Transfer Complete!
18:46:48.614 [main] INFO  - $100.00 has been transferred from account #14454 to account #14676.
19:59:12.316 [main] INFO  - Sucessfully logged In
20:59:19.188 [main] ERROR - First name is required.
20:59:21.842 [main] INFO  - Sucessfully logged In
21:15:16.912 [main] ERROR - First name is required.
21:15:16.976 [main] ERROR - Last name is required.
21:15:17.026 [main] ERROR - Address is required.
21:15:17.076 [main] ERROR - City is required.
21:15:17.127 [main] ERROR - State is required.
21:15:17.176 [main] ERROR - Zip Code is required.
21:15:17.224 [main] ERROR - Social Security Number is required.
21:15:17.271 [main] ERROR - Username is required.
21:15:17.307 [main] ERROR - Password is required.
21:15:17.342 [main] ERROR - Password confirmation is required.
21:15:19.389 [main] ERROR - First name is required.
21:15:19.431 [main] ERROR - City is required.
22:06:09.487 [main] ERROR - First name is required.
22:06:09.510 [main] ERROR - Last name is required.
22:06:09.530 [main] ERROR - Address is required.
22:06:09.551 [main] ERROR - City is required.
22:06:09.568 [main] ERROR - State is required.
22:06:09.603 [main] ERROR - Zip Code is required.
22:06:09.620 [main] ERROR - Social Security Number is required.
22:06:09.651 [main] ERROR - Username is required.
22:06:09.679 [main] ERROR - Password is required.
22:06:09.702 [main] ERROR - Password confirmation is required.
22:06:11.661 [main] ERROR - First name is required.
22:06:11.684 [main] ERROR - City is required.
22:06:13.385 [main] INFO  - Sucessfully logged In
22:09:36.388 [main] INFO  - Welcome mydemoacc11
22:09:36.390 [main] INFO  - Your account was created successfully. You are now logged in.
22:10:59.731 [main] ERROR - First name is required.
22:10:59.756 [main] ERROR - Last name is required.
22:10:59.770 [main] ERROR - Address is required.
22:10:59.787 [main] ERROR - City is required.
22:10:59.822 [main] ERROR - State is required.
22:10:59.837 [main] ERROR - Zip Code is required.
22:10:59.873 [main] ERROR - Social Security Number is required.
22:10:59.887 [main] ERROR - Username is required.
22:10:59.921 [main] ERROR - Password is required.
22:10:59.938 [main] ERROR - Password confirmation is required.
22:11:01.645 [main] ERROR - First name is required.
22:11:01.665 [main] ERROR - City is required.
22:11:02.894 [main] INFO  - Sucessfully logged In
22:16:38.499 [main] ERROR - First name is required.
22:16:38.566 [main] ERROR - Last name is required.
22:16:38.610 [main] ERROR - Address is required.
22:16:38.646 [main] ERROR - City is required.
22:16:38.700 [main] ERROR - State is required.
22:16:38.742 [main] ERROR - Zip Code is required.
22:16:38.777 [main] ERROR - Social Security Number is required.
22:16:38.811 [main] ERROR - Username is required.
22:16:38.842 [main] ERROR - Password is required.
22:16:38.876 [main] ERROR - Password confirmation is required.
22:16:40.662 [main] ERROR - First name is required.
22:16:40.682 [main] ERROR - City is required.
22:16:42.539 [main] INFO  - Sucessfully logged In
22:18:32.428 [main] INFO  - Sucessfully logged In
22:19:55.516 [main] INFO  - Sucessfully logged In
22:21:36.055 [main] INFO  - Sucessfully logged In
22:22:36.075 [main] INFO  - Sucessfully logged In
22:22:39.308 [main] INFO  - Account Opened!
22:22:39.308 [main] INFO  - Congratulations, your account is now open.
22:30:05.834 [main] INFO  - Sucessfully logged In
22:31:25.822 [main] INFO  - Sucessfully logged In
22:36:21.692 [main] ERROR - First name is required.
22:36:21.716 [main] ERROR - Last name is required.
22:36:21.739 [main] ERROR - Address is required.
22:36:21.756 [main] ERROR - City is required.
22:36:21.773 [main] ERROR - State is required.
22:36:21.810 [main] ERROR - Zip Code is required.
22:36:21.824 [main] ERROR - Social Security Number is required.
22:36:21.856 [main] ERROR - Username is required.
22:36:21.883 [main] ERROR - Password is required.
22:36:21.907 [main] ERROR - Password confirmation is required.
22:36:23.742 [main] ERROR - First name is required.
22:36:23.760 [main] ERROR - City is required.
22:36:26.526 [main] INFO  - Sucessfully logged In
22:39:09.808 [main] ERROR - First name is required.
22:39:09.833 [main] ERROR - Last name is required.
22:39:09.845 [main] ERROR - Address is required.
22:39:09.862 [main] ERROR - City is required.
22:39:09.897 [main] ERROR - State is required.
22:39:09.913 [main] ERROR - Zip Code is required.
22:39:09.929 [main] ERROR - Social Security Number is required.
22:39:09.960 [main] ERROR - Username is required.
22:39:09.979 [main] ERROR - Password is required.
22:39:10.004 [main] ERROR - Password confirmation is required.
22:39:11.742 [main] ERROR - First name is required.
22:39:11.761 [main] ERROR - City is required.
22:39:13.878 [main] INFO  - Sucessfully logged In
22:39:20.052 [main] INFO  - Transfer Complete!
22:39:20.052 [main] INFO  - $100.00 has been transferred from account #14232 to account #14343.
22:40:26.935 [main] ERROR - First name is required.
22:40:26.959 [main] ERROR - Last name is required.
22:40:26.979 [main] ERROR - Address is required.
22:40:26.999 [main] ERROR - City is required.
22:40:27.016 [main] ERROR - State is required.
22:40:27.034 [main] ERROR - Zip Code is required.
22:40:27.066 [main] ERROR - Social Security Number is required.
22:40:27.091 [main] ERROR - Username is required.
22:40:27.099 [main] ERROR - Password is required.
22:40:27.133 [main] ERROR - Password confirmation is required.
22:40:28.976 [main] ERROR - First name is required.
22:40:28.992 [main] ERROR - City is required.
22:40:31.236 [main] INFO  - Sucessfully logged In
22:40:33.409 [main] INFO  - Account Opened!
22:40:33.409 [main] INFO  - Congratulations, your account is now open.
22:40:39.041 [main] INFO  - Transfer Complete!
22:40:39.041 [main] INFO  - $100.00 has been transferred from account #14232 to account #14343.
22:43:12.040 [main] ERROR - First name is required.
22:43:12.074 [main] ERROR - Last name is required.
22:43:12.089 [main] ERROR - Address is required.
22:43:12.123 [main] ERROR - City is required.
22:43:12.156 [main] ERROR - State is required.
22:43:12.189 [main] ERROR - Zip Code is required.
22:43:12.223 [main] ERROR - Social Security Number is required.
22:43:12.251 [main] ERROR - Username is required.
22:43:12.271 [main] ERROR - Password is required.
22:43:12.302 [main] ERROR - Password confirmation is required.
22:43:14.442 [main] ERROR - First name is required.
22:43:14.456 [main] ERROR - City is required.
22:43:16.234 [main] INFO  - Sucessfully logged In
22:43:18.458 [main] INFO  - Account Opened!
22:43:18.458 [main] INFO  - Congratulations, your account is now open.
22:43:23.946 [main] INFO  - Transfer Complete!
22:43:23.946 [main] INFO  - $100.00 has been transferred from account #14232 to account #14343.
22:45:23.693 [main] ERROR - First name is required.
22:45:23.720 [main] ERROR - Last name is required.
22:45:23.742 [main] ERROR - Address is required.
22:45:23.751 [main] ERROR - City is required.
22:45:23.789 [main] ERROR - State is required.
22:45:23.802 [main] ERROR - Zip Code is required.
22:45:23.835 [main] ERROR - Social Security Number is required.
22:45:23.862 [main] ERROR - Username is required.
22:45:23.884 [main] ERROR - Password is required.
22:45:23.912 [main] ERROR - Password confirmation is required.
22:45:25.936 [main] ERROR - First name is required.
22:45:25.951 [main] ERROR - City is required.
22:45:27.769 [main] INFO  - Sucessfully logged In
22:45:30.776 [main] INFO  - Account Opened!
22:45:30.776 [main] INFO  - Congratulations, your account is now open.
22:45:36.494 [main] INFO  - Transfer Complete!
22:45:36.494 [main] INFO  - $100.00 has been transferred from account #14232 to account #14343.
22:45:38.839 [main] INFO  - Logged Out Sucessfully
12:48:01.392 [main] ERROR - First name is required.
12:48:01.427 [main] ERROR - Last name is required.
12:48:01.438 [main] ERROR - Address is required.
12:48:01.477 [main] ERROR - City is required.
12:48:01.491 [main] ERROR - State is required.
12:48:01.530 [main] ERROR - Zip Code is required.
12:48:01.554 [main] ERROR - Social Security Number is required.
12:48:01.580 [main] ERROR - Username is required.
12:48:01.606 [main] ERROR - Password is required.
12:48:01.631 [main] ERROR - Password confirmation is required.
12:48:03.641 [main] ERROR - First name is required.
12:48:03.661 [main] ERROR - City is required.
12:48:05.290 [main] INFO  - Sucessfully logged In
